# JRE version: OpenJDK Runtime Environment (11.0.11+9) (build 11.0.11+9-b60-7590822)
# Java VM: OpenJDK 64-Bit Server VM (11.0.11+9-b60-7590822, mixed mode, tiered, compressed oops, g1 gc, windows-amd64)
Heap:
 garbage-first heap   total 260096K, used 135512K [0x0000000080000000, 0x0000000100000000)
  region size 1024K, 6 young (6144K), 1 survivors (1024K)
 Metaspace       used 140489K, capacity 144219K, committed 144812K, reserved 1175552K
  class space    used 17485K, capacity 18907K, committed 19148K, reserved 1048576K
GC Heap History (20 events):
Event: 114.171 GC heap before
{Heap before GC invocations=23 (full 0):
 garbage-first heap   total 260096K, used 204462K [0x0000000080000000, 0x0000000100000000)
  region size 1024K, 89 young (91136K), 11 survivors (11264K)
 Metaspace       used 110502K, capacity 113205K, committed 113324K, reserved 1148928K
  class space    used 13671K, capacity 14682K, committed 14796K, reserved 1048576K
}
Event: 114.184 GC heap after
{Heap after GC invocations=24 (full 0):
 garbage-first heap   total 260096K, used 125873K [0x0000000080000000, 0x0000000100000000)
  region size 1024K, 3 young (3072K), 3 survivors (3072K)
 Metaspace       used 110502K, capacity 113205K, committed 113324K, reserved 1148928K
  class space    used 13671K, capacity 14682K, committed 14796K, reserved 1048576K
}
Event: 118.562 GC heap before
{Heap before GC invocations=24 (full 0):
 garbage-first heap   total 260096K, used 208817K [0x0000000080000000, 0x0000000100000000)
  region size 1024K, 85 young (87040K), 3 survivors (3072K)
 Metaspace       used 112867K, capacity 115674K, committed 115756K, reserved 1150976K
  class space    used 13876K, capacity 14906K, committed 14924K, reserved 1048576K
}
Event: 118.582 GC heap after
{Heap after GC invocations=25 (full 0):
 garbage-first heap   total 260096K, used 130614K [0x0000000080000000, 0x0000000100000000)
  region size 1024K, 8 young (8192K), 8 survivors (8192K)
 Metaspace       used 112867K, capacity 115674K, committed 115756K, reserved 1150976K
  class space    used 13876K, capacity 14906K, committed 14924K, reserved 1048576K
}
Event: 121.518 GC heap before
{Heap before GC invocations=26 (full 0):
 garbage-first heap   total 260096K, used 209462K [0x0000000080000000, 0x0000000100000000)
  region size 1024K, 87 young (89088K), 8 survivors (8192K)
 Metaspace       used 123502K, capacity 126859K, committed 126892K, reserved 1159168K
  class space    used 15544K, capacity 16840K, committed 16844K, reserved 1048576K
}
Event: 121.544 GC heap after
{Heap after GC invocations=27 (full 0):
 garbage-first heap   total 260096K, used 132809K [0x0000000080000000, 0x0000000100000000)
  region size 1024K, 9 young (9216K), 9 survivors (9216K)
 Metaspace       used 123502K, capacity 126859K, committed 126892K, reserved 1159168K
  class space    used 15544K, capacity 16840K, committed 16844K, reserved 1048576K
}
Event: 121.622 GC heap before
{Heap before GC invocations=27 (full 0):
 garbage-first heap   total 260096K, used 135881K [0x0000000080000000, 0x0000000100000000)
  region size 1024K, 12 young (12288K), 9 survivors (9216K)
 Metaspace       used 123911K, capacity 127348K, committed 127532K, reserved 1161216K
  class space    used 15612K, capacity 16943K, committed 16972K, reserved 1048576K
}
Event: 121.660 GC heap after
{Heap after GC invocations=28 (full 0):
 garbage-first heap   total 260096K, used 123711K [0x0000000080000000, 0x0000000100000000)
  region size 1024K, 2 young (2048K), 2 survivors (2048K)
 Metaspace       used 123911K, capacity 127348K, committed 127532K, reserved 1161216K
  class space    used 15612K, capacity 16943K, committed 16972K, reserved 1048576K
}
Event: 124.205 GC heap before
{Heap before GC invocations=28 (full 0):
 garbage-first heap   total 260096K, used 208703K [0x0000000080000000, 0x0000000100000000)
  region size 1024K, 86 young (88064K), 2 survivors (2048K)
 Metaspace       used 130453K, capacity 134192K, committed 134444K, reserved 1165312K
  class space    used 16514K, capacity 17969K, committed 17996K, reserved 1048576K
}
Event: 124.217 GC heap after
{Heap after GC invocations=29 (full 0):
 garbage-first heap   total 260096K, used 126093K [0x0000000080000000, 0x0000000100000000)
  region size 1024K, 4 young (4096K), 4 survivors (4096K)
 Metaspace       used 130453K, capacity 134192K, committed 134444K, reserved 1165312K
  class space    used 16514K, capacity 17969K, committed 17996K, reserved 1048576K
}
Event: 170.846 GC heap before
{Heap before GC invocations=30 (full 0):
 garbage-first heap   total 260096K, used 224397K [0x0000000080000000, 0x0000000100000000)
  region size 1024K, 89 young (91136K), 4 survivors (4096K)
 Metaspace       used 132254K, capacity 135932K, committed 136492K, reserved 1167360K
  class space    used 16645K, capacity 18048K, committed 18252K, reserved 1048576K
}
Event: 170.866 GC heap after
{Heap after GC invocations=31 (full 0):
 garbage-first heap   total 260096K, used 130988K [0x0000000080000000, 0x0000000100000000)
  region size 1024K, 11 young (11264K), 11 survivors (11264K)
 Metaspace       used 132254K, capacity 135932K, committed 136492K, reserved 1167360K
  class space    used 16645K, capacity 18048K, committed 18252K, reserved 1048576K
}
Event: 170.877 GC heap before
{Heap before GC invocations=31 (full 0):
 garbage-first heap   total 260096K, used 132012K [0x0000000080000000, 0x0000000100000000)
  region size 1024K, 12 young (12288K), 11 survivors (11264K)
 Metaspace       used 132254K, capacity 135932K, committed 136492K, reserved 1167360K
  class space    used 16645K, capacity 18048K, committed 18252K, reserved 1048576K
}
Event: 170.896 GC heap after
{Heap after GC invocations=32 (full 0):
 garbage-first heap   total 260096K, used 119378K [0x0000000080000000, 0x0000000100000000)
  region size 1024K, 2 young (2048K), 2 survivors (2048K)
 Metaspace       used 132254K, capacity 135932K, committed 136492K, reserved 1167360K
  class space    used 16645K, capacity 18048K, committed 18252K, reserved 1048576K
}
Event: 334.869 GC heap before
{Heap before GC invocations=32 (full 0):
 garbage-first heap   total 260096K, used 195154K [0x0000000080000000, 0x0000000100000000)
  region size 1024K, 78 young (79872K), 2 survivors (2048K)
 Metaspace       used 133032K, capacity 136797K, committed 137388K, reserved 1169408K
  class space    used 16700K, capacity 18145K, committed 18380K, reserved 1048576K
}
Event: 334.892 GC heap after
{Heap after GC invocations=33 (full 0):
 garbage-first heap   total 260096K, used 127577K [0x0000000080000000, 0x0000000100000000)
  region size 1024K, 10 young (10240K), 10 survivors (10240K)
 Metaspace       used 133032K, capacity 136797K, committed 137388K, reserved 1169408K
  class space    used 16700K, capacity 18145K, committed 18380K, reserved 1048576K
}
Event: 337.142 GC heap before
{Heap before GC invocations=34 (full 0):
 garbage-first heap   total 260096K, used 210521K [0x0000000080000000, 0x0000000100000000)
  region size 1024K, 91 young (93184K), 10 survivors (10240K)
 Metaspace       used 140037K, capacity 143739K, committed 144300K, reserved 1175552K
  class space    used 17449K, capacity 18875K, committed 19148K, reserved 1048576K
}
Event: 337.169 GC heap after
{Heap after GC invocations=35 (full 0):
 garbage-first heap   total 260096K, used 138789K [0x0000000080000000, 0x0000000100000000)
  region size 1024K, 11 young (11264K), 11 survivors (11264K)
 Metaspace       used 140037K, capacity 143739K, committed 144300K, reserved 1175552K
  class space    used 17449K, capacity 18875K, committed 19148K, reserved 1048576K
}
Event: 337.209 GC heap before
{Heap before GC invocations=35 (full 0):
 garbage-first heap   total 260096K, used 139813K [0x0000000080000000, 0x0000000100000000)
  region size 1024K, 12 young (12288K), 11 survivors (11264K)
 Metaspace       used 140058K, capacity 143739K, committed 144300K, reserved 1175552K
  class space    used 17449K, capacity 18875K, committed 19148K, reserved 1048576K
}
Event: 337.230 GC heap after
{Heap after GC invocations=36 (full 0):
 garbage-first heap   total 260096K, used 131416K [0x0000000080000000, 0x0000000100000000)
  region size 1024K, 1 young (1024K), 1 survivors (1024K)
 Metaspace       used 140058K, capacity 143739K, committed 144300K, reserved 1175552K
  class space    used 17449K, capacity 18875K, committed 19148K, reserved 1048576K
}

