# JRE version: OpenJDK Runtime Environment (11.0.11+9) (build 11.0.11+9-b60-7590822)
# Java VM: OpenJDK 64-Bit Server VM (11.0.11+9-b60-7590822, mixed mode, tiered, compressed oops, g1 gc, windows-amd64)
Heap:
 garbage-first heap   total 312320K, used 123456K [0x0000000080000000, 0x0000000100000000)
  region size 1024K, 5 young (5120K), 5 survivors (5120K)
 Metaspace       used 115865K, capacity 118978K, committed 119028K, reserved 1165312K
  class space    used 14648K, capacity 15843K, committed 15872K, reserved 1048576K
GC Heap History (20 events):
Event: 13.209 GC heap before
{Heap before GC invocations=10 (full 0):
 garbage-first heap   total 260096K, used 170575K [0x0000000080000000, 0x0000000100000000)
  region size 1024K, 147 young (150528K), 14 survivors (14336K)
 Metaspace       used 55132K, capacity 56403K, committed 56656K, reserved 1097728K
  class space    used 6983K, capacity 7454K, committed 7552K, reserved 1048576K
}
Event: 13.239 GC heap after
{Heap after GC invocations=11 (full 0):
 garbage-first heap   total 260096K, used 46252K [0x0000000080000000, 0x0000000100000000)
  region size 1024K, 19 young (19456K), 19 survivors (19456K)
 Metaspace       used 55132K, capacity 56403K, committed 56656K, reserved 1097728K
  class space    used 6983K, capacity 7454K, committed 7552K, reserved 1048576K
}
Event: 13.969 GC heap before
{Heap before GC invocations=11 (full 0):
 garbage-first heap   total 260096K, used 70828K [0x0000000080000000, 0x0000000100000000)
  region size 1024K, 44 young (45056K), 19 survivors (19456K)
 Metaspace       used 58760K, capacity 60098K, committed 60240K, reserved 1101824K
  class space    used 7459K, capacity 7981K, committed 8064K, reserved 1048576K
}
Event: 13.998 GC heap after
{Heap after GC invocations=12 (full 0):
 garbage-first heap   total 260096K, used 48128K [0x0000000080000000, 0x0000000100000000)
  region size 1024K, 2 young (2048K), 2 survivors (2048K)
 Metaspace       used 58760K, capacity 60098K, committed 60240K, reserved 1101824K
  class space    used 7459K, capacity 7981K, committed 8064K, reserved 1048576K
}
Event: 17.797 GC heap before
{Heap before GC invocations=13 (full 0):
 garbage-first heap   total 260096K, used 201728K [0x0000000080000000, 0x0000000100000000)
  region size 1024K, 148 young (151552K), 2 survivors (2048K)
 Metaspace       used 69505K, capacity 71053K, committed 71376K, reserved 1112064K
  class space    used 8992K, capacity 9606K, committed 9728K, reserved 1048576K
}
Event: 17.819 GC heap after
{Heap after GC invocations=14 (full 0):
 garbage-first heap   total 312320K, used 63356K [0x0000000080000000, 0x0000000100000000)
  region size 1024K, 13 young (13312K), 13 survivors (13312K)
 Metaspace       used 69505K, capacity 71053K, committed 71376K, reserved 1112064K
  class space    used 8992K, capacity 9606K, committed 9728K, reserved 1048576K
}
Event: 22.743 GC heap before
{Heap before GC invocations=14 (full 0):
 garbage-first heap   total 312320K, used 226172K [0x0000000080000000, 0x0000000100000000)
  region size 1024K, 173 young (177152K), 13 survivors (13312K)
 Metaspace       used 80727K, capacity 82741K, committed 83024K, reserved 1120256K
  class space    used 10546K, capacity 11352K, committed 11392K, reserved 1048576K
}
Event: 22.782 GC heap after
{Heap after GC invocations=15 (full 0):
 garbage-first heap   total 312320K, used 74867K [0x0000000080000000, 0x0000000100000000)
  region size 1024K, 12 young (12288K), 12 survivors (12288K)
 Metaspace       used 80727K, capacity 82741K, committed 83024K, reserved 1120256K
  class space    used 10546K, capacity 11352K, committed 11392K, reserved 1048576K
}
Event: 28.046 GC heap before
{Heap before GC invocations=15 (full 0):
 garbage-first heap   total 312320K, used 239731K [0x0000000080000000, 0x0000000100000000)
  region size 1024K, 171 young (175104K), 12 survivors (12288K)
 Metaspace       used 92421K, capacity 94832K, committed 95056K, reserved 1132544K
  class space    used 11741K, capacity 12652K, committed 12672K, reserved 1048576K
}
Event: 28.102 GC heap after
{Heap after GC invocations=16 (full 0):
 garbage-first heap   total 312320K, used 94685K [0x0000000080000000, 0x0000000100000000)
  region size 1024K, 22 young (22528K), 22 survivors (22528K)
 Metaspace       used 92421K, capacity 94832K, committed 95056K, reserved 1132544K
  class space    used 11741K, capacity 12652K, committed 12672K, reserved 1048576K
}
Event: 29.702 GC heap before
{Heap before GC invocations=16 (full 0):
 garbage-first heap   total 312320K, used 146909K [0x0000000080000000, 0x0000000100000000)
  region size 1024K, 74 young (75776K), 22 survivors (22528K)
 Metaspace       used 98332K, capacity 100702K, committed 100828K, reserved 1136640K
  class space    used 12456K, capacity 13366K, committed 13440K, reserved 1048576K
}
Event: 29.769 GC heap after
{Heap after GC invocations=17 (full 0):
 garbage-first heap   total 312320K, used 98475K [0x0000000080000000, 0x0000000100000000)
  region size 1024K, 4 young (4096K), 4 survivors (4096K)
 Metaspace       used 98332K, capacity 100702K, committed 100828K, reserved 1136640K
  class space    used 12456K, capacity 13366K, committed 13440K, reserved 1048576K
}
Event: 32.687 GC heap before
{Heap before GC invocations=18 (full 0):
 garbage-first heap   total 312320K, used 202923K [0x0000000080000000, 0x0000000100000000)
  region size 1024K, 106 young (108544K), 4 survivors (4096K)
 Metaspace       used 100886K, capacity 103361K, committed 103540K, reserved 1138688K
  class space    used 12708K, capacity 13607K, committed 13696K, reserved 1048576K
}
Event: 32.701 GC heap after
{Heap after GC invocations=19 (full 0):
 garbage-first heap   total 312320K, used 101379K [0x0000000080000000, 0x0000000100000000)
  region size 1024K, 7 young (7168K), 7 survivors (7168K)
 Metaspace       used 100886K, capacity 103361K, committed 103540K, reserved 1138688K
  class space    used 12708K, capacity 13607K, committed 13696K, reserved 1048576K
}
Event: 37.443 GC heap before
{Heap before GC invocations=20 (full 0):
 garbage-first heap   total 312320K, used 209923K [0x0000000080000000, 0x0000000100000000)
  region size 1024K, 114 young (116736K), 7 survivors (7168K)
 Metaspace       used 102471K, capacity 104987K, committed 105204K, reserved 1140736K
  class space    used 12800K, capacity 13752K, committed 13824K, reserved 1048576K
}
Event: 37.476 GC heap after
{Heap after GC invocations=21 (full 0):
 garbage-first heap   total 312320K, used 109825K [0x0000000080000000, 0x0000000100000000)
  region size 1024K, 15 young (15360K), 15 survivors (15360K)
 Metaspace       used 102471K, capacity 104987K, committed 105204K, reserved 1140736K
  class space    used 12800K, capacity 13752K, committed 13824K, reserved 1048576K
}
Event: 40.459 GC heap before
{Heap before GC invocations=21 (full 0):
 garbage-first heap   total 312320K, used 221441K [0x0000000080000000, 0x0000000100000000)
  region size 1024K, 123 young (125952K), 15 survivors (15360K)
 Metaspace       used 112889K, capacity 115821K, committed 115956K, reserved 1150976K
  class space    used 14360K, capacity 15496K, committed 15616K, reserved 1048576K
}
Event: 40.506 GC heap after
{Heap after GC invocations=22 (full 0):
 garbage-first heap   total 312320K, used 121404K [0x0000000080000000, 0x0000000100000000)
  region size 1024K, 12 young (12288K), 12 survivors (12288K)
 Metaspace       used 112889K, capacity 115821K, committed 115956K, reserved 1150976K
  class space    used 14360K, capacity 15496K, committed 15616K, reserved 1048576K
}
Event: 42.465 GC heap before
{Heap before GC invocations=22 (full 0):
 garbage-first heap   total 312320K, used 197180K [0x0000000080000000, 0x0000000100000000)
  region size 1024K, 88 young (90112K), 12 survivors (12288K)
 Metaspace       used 115865K, capacity 118978K, committed 119028K, reserved 1163264K
  class space    used 14648K, capacity 15843K, committed 15872K, reserved 1048576K
}
Event: 42.504 GC heap after
{Heap after GC invocations=23 (full 0):
 garbage-first heap   total 312320K, used 123456K [0x0000000080000000, 0x0000000100000000)
  region size 1024K, 5 young (5120K), 5 survivors (5120K)
 Metaspace       used 115865K, capacity 118978K, committed 119028K, reserved 1163264K
  class space    used 14648K, capacity 15843K, committed 15872K, reserved 1048576K
}

