# JRE version: OpenJDK Runtime Environment (11.0.11+9) (build 11.0.11+9-b60-7590822)
# Java VM: OpenJDK 64-Bit Server VM (11.0.11+9-b60-7590822, mixed mode, tiered, compressed oops, g1 gc, windows-amd64)
Heap:
 garbage-first heap   total 260096K, used 125865K [0x0000000080000000, 0x0000000100000000)
  region size 1024K, 6 young (6144K), 1 survivors (1024K)
 Metaspace       used 123201K, capacity 126656K, committed 126900K, reserved 1159168K
  class space    used 15661K, capacity 16988K, committed 17024K, reserved 1048576K
GC Heap History (20 events):
Event: 565.586 GC heap before
{Heap before GC invocations=31 (full 0):
 garbage-first heap   total 260096K, used 132057K [0x0000000080000000, 0x0000000100000000)
  region size 1024K, 12 young (12288K), 9 survivors (9216K)
 Metaspace       used 115117K, capacity 118525K, committed 118580K, reserved 1153024K
  class space    used 14821K, capacity 16101K, committed 16128K, reserved 1048576K
}
Event: 565.602 GC heap after
{Heap after GC invocations=32 (full 0):
 garbage-first heap   total 260096K, used 122160K [0x0000000080000000, 0x0000000100000000)
  region size 1024K, 2 young (2048K), 2 survivors (2048K)
 Metaspace       used 115117K, capacity 118525K, committed 118580K, reserved 1153024K
  class space    used 14821K, capacity 16101K, committed 16128K, reserved 1048576K
}
Event: 567.754 GC heap before
{Heap before GC invocations=32 (full 0):
 garbage-first heap   total 260096K, used 174384K [0x0000000080000000, 0x0000000100000000)
  region size 1024K, 54 young (55296K), 2 survivors (2048K)
 Metaspace       used 115585K, capacity 118902K, committed 119220K, reserved 1153024K
  class space    used 14844K, capacity 16141K, committed 16256K, reserved 1048576K
}
Event: 567.782 GC heap after
{Heap after GC invocations=33 (full 0):
 garbage-first heap   total 260096K, used 128755K [0x0000000080000000, 0x0000000100000000)
  region size 1024K, 8 young (8192K), 8 survivors (8192K)
 Metaspace       used 115585K, capacity 118902K, committed 119220K, reserved 1153024K
  class space    used 14844K, capacity 16141K, committed 16256K, reserved 1048576K
}
Event: 572.568 GC heap before
{Heap before GC invocations=34 (full 0):
 garbage-first heap   total 260096K, used 207603K [0x0000000080000000, 0x0000000100000000)
  region size 1024K, 84 young (86016K), 8 survivors (8192K)
 Metaspace       used 115925K, capacity 119310K, committed 119476K, reserved 1153024K
  class space    used 14834K, capacity 16115K, committed 16256K, reserved 1048576K
}
Event: 572.582 GC heap after
{Heap after GC invocations=35 (full 0):
 garbage-first heap   total 260096K, used 130164K [0x0000000080000000, 0x0000000100000000)
  region size 1024K, 4 young (4096K), 4 survivors (4096K)
 Metaspace       used 115925K, capacity 119310K, committed 119476K, reserved 1153024K
  class space    used 14834K, capacity 16115K, committed 16256K, reserved 1048576K
}
Event: 572.906 GC heap before
{Heap before GC invocations=35 (full 0):
 garbage-first heap   total 260096K, used 137332K [0x0000000080000000, 0x0000000100000000)
  region size 1024K, 12 young (12288K), 4 survivors (4096K)
 Metaspace       used 116075K, capacity 119439K, committed 119732K, reserved 1153024K
  class space    used 14844K, capacity 16132K, committed 16256K, reserved 1048576K
}
Event: 572.923 GC heap after
{Heap after GC invocations=36 (full 0):
 garbage-first heap   total 260096K, used 108187K [0x0000000080000000, 0x0000000100000000)
  region size 1024K, 1 young (1024K), 1 survivors (1024K)
 Metaspace       used 116075K, capacity 119439K, committed 119732K, reserved 1153024K
  class space    used 14844K, capacity 16132K, committed 16256K, reserved 1048576K
}
Event: 573.884 GC heap before
{Heap before GC invocations=36 (full 0):
 garbage-first heap   total 260096K, used 130715K [0x0000000080000000, 0x0000000100000000)
  region size 1024K, 25 young (25600K), 1 survivors (1024K)
 Metaspace       used 116253K, capacity 119599K, committed 119732K, reserved 1153024K
  class space    used 14846K, capacity 16134K, committed 16256K, reserved 1048576K
}
Event: 573.891 GC heap after
{Heap after GC invocations=37 (full 0):
 garbage-first heap   total 260096K, used 108061K [0x0000000080000000, 0x0000000100000000)
  region size 1024K, 1 young (1024K), 1 survivors (1024K)
 Metaspace       used 116253K, capacity 119599K, committed 119732K, reserved 1153024K
  class space    used 14846K, capacity 16134K, committed 16256K, reserved 1048576K
}
Event: 731.865 GC heap before
{Heap before GC invocations=38 (full 0):
 garbage-first heap   total 260096K, used 211485K [0x0000000080000000, 0x0000000100000000)
  region size 1024K, 88 young (90112K), 1 survivors (1024K)
 Metaspace       used 114834K, capacity 118232K, committed 119732K, reserved 1153024K
  class space    used 14765K, capacity 16082K, committed 16256K, reserved 1048576K
}
Event: 731.885 GC heap after
{Heap after GC invocations=39 (full 0):
 garbage-first heap   total 260096K, used 123884K [0x0000000080000000, 0x0000000100000000)
  region size 1024K, 11 young (11264K), 11 survivors (11264K)
 Metaspace       used 114834K, capacity 118232K, committed 119732K, reserved 1153024K
  class space    used 14765K, capacity 16082K, committed 16256K, reserved 1048576K
}
Event: 731.891 GC heap before
{Heap before GC invocations=39 (full 0):
 garbage-first heap   total 260096K, used 124908K [0x0000000080000000, 0x0000000100000000)
  region size 1024K, 12 young (12288K), 11 survivors (11264K)
 Metaspace       used 114834K, capacity 118232K, committed 119732K, reserved 1153024K
  class space    used 14765K, capacity 16082K, committed 16256K, reserved 1048576K
}
Event: 731.907 GC heap after
{Heap after GC invocations=40 (full 0):
 garbage-first heap   total 260096K, used 124723K [0x0000000080000000, 0x0000000100000000)
  region size 1024K, 2 young (2048K), 2 survivors (2048K)
 Metaspace       used 114834K, capacity 118232K, committed 119732K, reserved 1153024K
  class space    used 14765K, capacity 16082K, committed 16256K, reserved 1048576K
}
Event: 732.253 GC heap before
{Heap before GC invocations=40 (full 0):
 garbage-first heap   total 260096K, used 145203K [0x0000000080000000, 0x0000000100000000)
  region size 1024K, 23 young (23552K), 2 survivors (2048K)
 Metaspace       used 115872K, capacity 119224K, committed 119732K, reserved 1153024K
  class space    used 14866K, capacity 16178K, committed 16256K, reserved 1048576K
}
Event: 732.267 GC heap after
{Heap after GC invocations=41 (full 0):
 garbage-first heap   total 260096K, used 128469K [0x0000000080000000, 0x0000000100000000)
  region size 1024K, 5 young (5120K), 5 survivors (5120K)
 Metaspace       used 115872K, capacity 119224K, committed 119732K, reserved 1153024K
  class space    used 14866K, capacity 16178K, committed 16256K, reserved 1048576K
}
Event: 734.232 GC heap before
{Heap before GC invocations=42 (full 0):
 garbage-first heap   total 260096K, used 200149K [0x0000000080000000, 0x0000000100000000)
  region size 1024K, 77 young (78848K), 5 survivors (5120K)
 Metaspace       used 123010K, capacity 126461K, committed 126644K, reserved 1159168K
  class space    used 15639K, capacity 16987K, committed 17024K, reserved 1048576K
}
Event: 734.245 GC heap after
{Heap after GC invocations=43 (full 0):
 garbage-first heap   total 260096K, used 128469K [0x0000000080000000, 0x0000000100000000)
  region size 1024K, 7 young (7168K), 7 survivors (7168K)
 Metaspace       used 123010K, capacity 126461K, committed 126644K, reserved 1159168K
  class space    used 15639K, capacity 16987K, committed 17024K, reserved 1048576K
}
Event: 734.324 GC heap before
{Heap before GC invocations=43 (full 0):
 garbage-first heap   total 260096K, used 133589K [0x0000000080000000, 0x0000000100000000)
  region size 1024K, 12 young (12288K), 7 survivors (7168K)
 Metaspace       used 123107K, capacity 126589K, committed 126644K, reserved 1159168K
  class space    used 15648K, capacity 16987K, committed 17024K, reserved 1048576K
}
Event: 734.342 GC heap after
{Heap after GC invocations=44 (full 0):
 garbage-first heap   total 260096K, used 121769K [0x0000000080000000, 0x0000000100000000)
  region size 1024K, 1 young (1024K), 1 survivors (1024K)
 Metaspace       used 123107K, capacity 126589K, committed 126644K, reserved 1159168K
  class space    used 15648K, capacity 16987K, committed 17024K, reserved 1048576K
}

